2025-04-23 22:47:53,032 - INFO - Test de la connexion à la base de données...
2025-04-23 22:47:54,097 - INFO - Connecté au serveur MySQL version 5.5.5-10.4.32-MariaDB
2025-04-23 22:47:54,142 - INFO - Base de données actuelle: edumap-api
2025-04-23 22:47:54,264 - INFO - Test de connexion réussi
2025-04-23 22:47:54,264 - INFO - Chargement du fichier C:/Users/Salim_Pereira/Laravel-Project/edumap-api/elt/Base_2024.xlsx
2025-04-23 22:48:10,601 - INFO - Fichier chargé avec succès. 15216 lignes trouvées.
2025-04-23 22:48:11,226 - DEBUG - Échantillon du DataFrame:
   LATITUDE  LONGITUDE  code_etablissement  ... sommedenb_salles_classes_autre libelle_type_annee commune_etab
0  6.139742   1.259310             1113064  ...                            NaN          2023-2024      GOLFE 1
1  6.137808   1.255636             1113110  ...                            NaN          2023-2024      GOLFE 1
2  6.139700   1.265670             1113120  ...                            NaN          2023-2024      GOLFE 1

[3 rows x 27 columns]
2025-04-23 22:48:11,244 - DEBUG - Types de données:
LATITUDE                          float64
LONGITUDE                         float64
code_etablissement                  int64
libelle_type_milieu                object
region                             object
prefecture                         object
canton_village_autonome            object
ville_village_quartier             object
nom_etablissement                  object
libelle_type_statut_etab           object
libelle_type_systeme               object
existe_elect                        int64
existe_latrine                      int64
existe_latrine_fonct                int64
acces_toute_saison                  int64
eau                                 int64
sommedenb_eff_g                     int64
sommedenb_eff_f                     int64
Tot                                 int64
sommedenb_ens_h                   float64
sommedenb_ens_f                   float64
Total ense                          int64
sommedenb_salles_classes_dur      float64
sommedenb_salles_classes_banco    float64
sommedenb_salles_classes_autre    float64
libelle_type_annee                 object
commune_etab                       object
dtype: object
2025-04-23 22:48:11,255 - DEBUG - Valeurs manquantes par colonne:
sommedenb_ens_h                   12233
sommedenb_ens_f                   14031
sommedenb_salles_classes_dur       2953
sommedenb_salles_classes_banco    14307
sommedenb_salles_classes_autre    11512
commune_etab                       1776
dtype: int64
2025-04-23 22:48:11,256 - INFO - Début du nettoyage des données...
2025-04-23 22:48:11,280 - DEBUG - Échantillon de LATITUDE avant nettoyage: [6.139742, 6.137808, 6.1397, 6.15962, 6.246788612]
2025-04-23 22:48:11,314 - DEBUG - Échantillon de LATITUDE après nettoyage: [6.139742, 6.137808, 6.1397, 6.15962, 6.246788612]
2025-04-23 22:48:11,314 - DEBUG - Échantillon de LONGITUDE avant nettoyage: [1.25931, 1.255636, 1.26567, 1.256181667, 1.262769229]
2025-04-23 22:48:11,346 - DEBUG - Échantillon de LONGITUDE après nettoyage: [1.25931, 1.255636, 1.26567, 1.256181667, 1.262769229]
2025-04-23 22:48:11,346 - INFO - Nettoyage des données terminé
2025-04-23 22:48:11,349 - INFO - Connexion à la base de données...
2025-04-23 22:48:11,351 - INFO - Connexion établie avec succès!
2025-04-23 22:48:11,855 - INFO - Structure de la table: ['id', 'code_etablissement', 'nom_etablissement', 'region', 'prefecture', 'canton_village_autonome', 'ville_village_quartier', 'libelle_type_milieu', 'libelle_type_statut_etab', 'libelle_type_systeme', 'existe_elect', 'existe_latrine', 'existe_latrine_fonct', 'acces_toute_saison', 'eau', 'latitude', 'longitude', 'sommedenb_eff_g', 'sommedenb_eff_f', 'tot', 'sommedenb_ens_h', 'sommedenb_ens_f', 'total_ense', 'sommedenb_salles_classes_dur', 'sommedenb_salles_classes_banco', 'sommedenb_salles_classes_autre', 'libelle_type_annee', 'commune_etab', 'created_at', 'updated_at']
2025-04-23 22:48:11,856 - DEBUG - Tentative d'insertion d'une ligne de test:
2025-04-23 22:48:11,858 - DEBUG - LATITUDE: 6.139742 (type: <class 'numpy.float64'>)
2025-04-23 22:48:11,859 - DEBUG - LONGITUDE: 1.25931 (type: <class 'numpy.float64'>)
2025-04-23 22:48:11,860 - DEBUG - code_etablissement: 1113064 (type: <class 'numpy.int64'>)
2025-04-23 22:48:11,860 - DEBUG - libelle_type_milieu: Urbain (type: <class 'str'>)
2025-04-23 22:48:11,861 - DEBUG - region: GRAND LOME (type: <class 'str'>)
2025-04-23 22:48:11,862 - DEBUG - prefecture: GOLFE (type: <class 'str'>)
2025-04-23 22:48:11,862 - DEBUG - canton_village_autonome: ABLOGAME (type: <class 'str'>)
2025-04-23 22:48:11,863 - DEBUG - ville_village_quartier: ABLOGAME (type: <class 'str'>)
2025-04-23 22:48:11,863 - DEBUG - nom_etablissement: CPL ELOHIM (type: <class 'str'>)
2025-04-23 22:48:11,864 - DEBUG - libelle_type_statut_etab: Privé Laïc (type: <class 'str'>)
2025-04-23 22:48:11,865 - DEBUG - libelle_type_systeme: SECONDAIRE I (type: <class 'str'>)
2025-04-23 22:48:11,866 - DEBUG - existe_elect: 1 (type: <class 'numpy.int64'>)
2025-04-23 22:48:11,866 - DEBUG - existe_latrine: 1 (type: <class 'numpy.int64'>)
2025-04-23 22:48:11,867 - DEBUG - existe_latrine_fonct: 0 (type: <class 'numpy.int64'>)
2025-04-23 22:48:11,868 - DEBUG - acces_toute_saison: 1 (type: <class 'numpy.int64'>)
2025-04-23 22:48:11,869 - DEBUG - eau: 1 (type: <class 'numpy.int64'>)
2025-04-23 22:48:11,869 - DEBUG - sommedenb_eff_g: 70 (type: <class 'numpy.int64'>)
2025-04-23 22:48:11,870 - DEBUG - sommedenb_eff_f: 53 (type: <class 'numpy.int64'>)
2025-04-23 22:48:11,871 - DEBUG - Tot: 123 (type: <class 'numpy.int64'>)
2025-04-23 22:48:11,871 - DEBUG - sommedenb_ens_h: 7.0 (type: <class 'numpy.float64'>)
2025-04-23 22:48:11,872 - DEBUG - sommedenb_ens_f: 0.0 (type: <class 'numpy.float64'>)
2025-04-23 22:48:11,873 - DEBUG - Total ense: 7 (type: <class 'numpy.int64'>)
2025-04-23 22:48:11,873 - DEBUG - sommedenb_salles_classes_dur: 4.0 (type: <class 'numpy.float64'>)
2025-04-23 22:48:11,874 - DEBUG - sommedenb_salles_classes_banco: 0.0 (type: <class 'numpy.float64'>)
2025-04-23 22:48:11,874 - DEBUG - sommedenb_salles_classes_autre: 0.0 (type: <class 'numpy.float64'>)
2025-04-23 22:48:11,875 - DEBUG - libelle_type_annee: 2023-2024 (type: <class 'str'>)
2025-04-23 22:48:11,876 - DEBUG - commune_etab: GOLFE 1 (type: <class 'str'>)
2025-04-23 22:48:12,015 - INFO - Test d'insertion d'une ligne réussi
2025-04-23 22:48:12,136 - INFO - Début de l'insertion des données (15216 lignes, 153 lots)
2025-04-23 22:48:12,415 - INFO - Lot 1/153 inséré en 0.28 sec (Réussis: 100/100)
2025-04-23 22:48:12,602 - INFO - Lot 2/153 inséré en 0.47 sec (Réussis: 100/100)
2025-04-23 22:48:12,716 - INFO - Lot 3/153 inséré en 0.58 sec (Réussis: 100/100)
2025-04-23 22:48:12,858 - INFO - Lot 4/153 inséré en 0.72 sec (Réussis: 100/100)
2025-04-23 22:48:13,040 - INFO - Lot 5/153 inséré en 0.90 sec (Réussis: 100/100)
2025-04-23 22:48:13,195 - INFO - Lot 6/153 inséré en 1.06 sec (Réussis: 100/100)
2025-04-23 22:48:13,370 - INFO - Lot 7/153 inséré en 1.23 sec (Réussis: 100/100)
2025-04-23 22:48:13,548 - INFO - Lot 8/153 inséré en 1.41 sec (Réussis: 100/100)
2025-04-23 22:48:13,758 - INFO - Lot 9/153 inséré en 1.62 sec (Réussis: 100/100)
2025-04-23 22:48:13,858 - INFO - Lot 10/153 inséré en 1.72 sec (Réussis: 100/100)
2025-04-23 22:48:13,925 - INFO - Lot 11/153 inséré en 1.79 sec (Réussis: 100/100)
2025-04-23 22:48:14,092 - INFO - Lot 12/153 inséré en 1.95 sec (Réussis: 100/100)
2025-04-23 22:48:14,247 - INFO - Lot 13/153 inséré en 2.11 sec (Réussis: 100/100)
2025-04-23 22:48:14,336 - INFO - Lot 14/153 inséré en 2.20 sec (Réussis: 100/100)
2025-04-23 22:48:14,503 - INFO - Lot 15/153 inséré en 2.37 sec (Réussis: 100/100)
2025-04-23 22:48:14,669 - INFO - Lot 16/153 inséré en 2.53 sec (Réussis: 100/100)
2025-04-23 22:48:14,780 - INFO - Lot 17/153 inséré en 2.64 sec (Réussis: 100/100)
2025-04-23 22:48:14,869 - INFO - Lot 18/153 inséré en 2.73 sec (Réussis: 100/100)
2025-04-23 22:48:15,003 - INFO - Lot 19/153 inséré en 2.87 sec (Réussis: 100/100)
2025-04-23 22:48:15,113 - INFO - Lot 20/153 inséré en 2.98 sec (Réussis: 100/100)
2025-04-23 22:48:15,248 - INFO - Lot 21/153 inséré en 3.11 sec (Réussis: 100/100)
2025-04-23 22:48:15,357 - INFO - Lot 22/153 inséré en 3.22 sec (Réussis: 100/100)
2025-04-23 22:48:15,558 - INFO - Lot 23/153 inséré en 3.42 sec (Réussis: 100/100)
2025-04-23 22:48:15,602 - INFO - Lot 24/153 inséré en 3.47 sec (Réussis: 100/100)
2025-04-23 22:48:15,659 - INFO - Lot 25/153 inséré en 3.52 sec (Réussis: 100/100)
2025-04-23 22:48:15,702 - INFO - Lot 26/153 inséré en 3.57 sec (Réussis: 100/100)
2025-04-23 22:48:15,781 - INFO - Lot 27/153 inséré en 3.64 sec (Réussis: 100/100)
2025-04-23 22:48:15,880 - INFO - Lot 28/153 inséré en 3.74 sec (Réussis: 100/100)
2025-04-23 22:48:16,059 - INFO - Lot 29/153 inséré en 3.92 sec (Réussis: 100/100)
2025-04-23 22:48:16,449 - INFO - Lot 30/153 inséré en 4.31 sec (Réussis: 100/100)
2025-04-23 22:48:16,737 - INFO - Lot 31/153 inséré en 4.60 sec (Réussis: 100/100)
2025-04-23 22:48:16,802 - INFO - Lot 32/153 inséré en 4.67 sec (Réussis: 100/100)
2025-04-23 22:48:16,858 - INFO - Lot 33/153 inséré en 4.72 sec (Réussis: 100/100)
2025-04-23 22:48:16,924 - INFO - Lot 34/153 inséré en 4.79 sec (Réussis: 100/100)
2025-04-23 22:48:17,014 - INFO - Lot 35/153 inséré en 4.88 sec (Réussis: 100/100)
2025-04-23 22:48:17,080 - INFO - Lot 36/153 inséré en 4.94 sec (Réussis: 100/100)
2025-04-23 22:48:17,204 - INFO - Lot 37/153 inséré en 5.07 sec (Réussis: 100/100)
2025-04-23 22:48:17,294 - INFO - Lot 38/153 inséré en 5.16 sec (Réussis: 100/100)
2025-04-23 22:48:17,335 - INFO - Lot 39/153 inséré en 5.20 sec (Réussis: 100/100)
2025-04-23 22:48:17,402 - INFO - Lot 40/153 inséré en 5.27 sec (Réussis: 100/100)
2025-04-23 22:48:17,505 - INFO - Lot 41/153 inséré en 5.37 sec (Réussis: 100/100)
2025-04-23 22:48:17,547 - INFO - Lot 42/153 inséré en 5.41 sec (Réussis: 100/100)
2025-04-23 22:48:17,807 - INFO - Lot 43/153 inséré en 5.67 sec (Réussis: 100/100)
2025-04-23 22:48:18,059 - INFO - Lot 44/153 inséré en 5.92 sec (Réussis: 100/100)
2025-04-23 22:48:18,169 - INFO - Lot 45/153 inséré en 6.03 sec (Réussis: 100/100)
2025-04-23 22:48:18,247 - INFO - Lot 46/153 inséré en 6.11 sec (Réussis: 100/100)
2025-04-23 22:48:18,314 - INFO - Lot 47/153 inséré en 6.18 sec (Réussis: 100/100)
2025-04-23 22:48:18,403 - INFO - Lot 48/153 inséré en 6.27 sec (Réussis: 100/100)
2025-04-23 22:48:18,492 - INFO - Lot 49/153 inséré en 6.36 sec (Réussis: 100/100)
2025-04-23 22:48:18,622 - INFO - Lot 50/153 inséré en 6.49 sec (Réussis: 100/100)
2025-04-23 22:48:18,803 - INFO - Lot 51/153 inséré en 6.67 sec (Réussis: 100/100)
2025-04-23 22:48:18,969 - INFO - Lot 52/153 inséré en 6.83 sec (Réussis: 100/100)
2025-04-23 22:48:19,036 - INFO - Lot 53/153 inséré en 6.90 sec (Réussis: 100/100)
2025-04-23 22:48:19,102 - INFO - Lot 54/153 inséré en 6.97 sec (Réussis: 100/100)
2025-04-23 22:48:19,247 - INFO - Lot 55/153 inséré en 7.11 sec (Réussis: 100/100)
2025-04-23 22:48:19,302 - INFO - Lot 56/153 inséré en 7.17 sec (Réussis: 100/100)
2025-04-23 22:48:19,369 - INFO - Lot 57/153 inséré en 7.23 sec (Réussis: 100/100)
2025-04-23 22:48:19,446 - INFO - Lot 58/153 inséré en 7.31 sec (Réussis: 100/100)
2025-04-23 22:48:19,547 - INFO - Lot 59/153 inséré en 7.41 sec (Réussis: 100/100)
2025-04-23 22:48:19,602 - INFO - Lot 60/153 inséré en 7.47 sec (Réussis: 100/100)
2025-04-23 22:48:19,681 - INFO - Lot 61/153 inséré en 7.54 sec (Réussis: 100/100)
2025-04-23 22:48:19,735 - INFO - Lot 62/153 inséré en 7.60 sec (Réussis: 100/100)
2025-04-23 22:48:19,792 - INFO - Lot 63/153 inséré en 7.66 sec (Réussis: 100/100)
2025-04-23 22:48:19,937 - INFO - Lot 64/153 inséré en 7.80 sec (Réussis: 100/100)
2025-04-23 22:48:20,058 - INFO - Lot 65/153 inséré en 7.92 sec (Réussis: 100/100)
2025-04-23 22:48:20,102 - INFO - Lot 66/153 inséré en 7.97 sec (Réussis: 100/100)
2025-04-23 22:48:20,146 - INFO - Lot 67/153 inséré en 8.01 sec (Réussis: 100/100)
2025-04-23 22:48:20,758 - INFO - Lot 68/153 inséré en 8.62 sec (Réussis: 100/100)
2025-04-23 22:48:20,882 - INFO - Lot 69/153 inséré en 8.75 sec (Réussis: 100/100)
2025-04-23 22:48:20,961 - INFO - Lot 70/153 inséré en 8.82 sec (Réussis: 100/100)
2025-04-23 22:48:21,060 - INFO - Lot 71/153 inséré en 8.92 sec (Réussis: 100/100)
2025-04-23 22:48:21,276 - INFO - Lot 72/153 inséré en 9.14 sec (Réussis: 100/100)
2025-04-23 22:48:21,373 - INFO - Lot 73/153 inséré en 9.24 sec (Réussis: 100/100)
2025-04-23 22:48:21,495 - INFO - Lot 74/153 inséré en 9.36 sec (Réussis: 100/100)
2025-04-23 22:48:21,636 - INFO - Lot 75/153 inséré en 9.50 sec (Réussis: 100/100)
2025-04-23 22:48:21,736 - INFO - Lot 76/153 inséré en 9.60 sec (Réussis: 100/100)
2025-04-23 22:48:21,792 - INFO - Lot 77/153 inséré en 9.66 sec (Réussis: 100/100)
2025-04-23 22:48:21,836 - INFO - Lot 78/153 inséré en 9.70 sec (Réussis: 100/100)
2025-04-23 22:48:21,947 - INFO - Lot 79/153 inséré en 9.81 sec (Réussis: 100/100)
2025-04-23 22:48:22,025 - INFO - Lot 80/153 inséré en 9.89 sec (Réussis: 100/100)
2025-04-23 22:48:22,136 - INFO - Lot 81/153 inséré en 10.00 sec (Réussis: 100/100)
2025-04-23 22:48:22,530 - INFO - Lot 82/153 inséré en 10.39 sec (Réussis: 100/100)
2025-04-23 22:48:22,858 - INFO - Lot 83/153 inséré en 10.72 sec (Réussis: 100/100)
2025-04-23 22:48:23,125 - INFO - Lot 84/153 inséré en 10.99 sec (Réussis: 100/100)
2025-04-23 22:48:23,281 - INFO - Lot 85/153 inséré en 11.14 sec (Réussis: 100/100)
2025-04-23 22:48:23,436 - INFO - Lot 86/153 inséré en 11.30 sec (Réussis: 100/100)
2025-04-23 22:48:23,536 - INFO - Lot 87/153 inséré en 11.40 sec (Réussis: 100/100)
2025-04-23 22:48:23,625 - INFO - Lot 88/153 inséré en 11.49 sec (Réussis: 100/100)
2025-04-23 22:48:23,670 - INFO - Lot 89/153 inséré en 11.53 sec (Réussis: 100/100)
2025-04-23 22:48:23,769 - INFO - Lot 90/153 inséré en 11.63 sec (Réussis: 100/100)
2025-04-23 22:48:23,825 - INFO - Lot 91/153 inséré en 11.69 sec (Réussis: 100/100)
2025-04-23 22:48:23,988 - INFO - Lot 92/153 inséré en 11.85 sec (Réussis: 100/100)
2025-04-23 22:48:24,317 - INFO - Lot 93/153 inséré en 12.18 sec (Réussis: 100/100)
2025-04-23 22:48:24,414 - INFO - Lot 94/153 inséré en 12.28 sec (Réussis: 100/100)
2025-04-23 22:48:24,525 - INFO - Lot 95/153 inséré en 12.39 sec (Réussis: 100/100)
2025-04-23 22:48:24,681 - INFO - Lot 96/153 inséré en 12.54 sec (Réussis: 100/100)
2025-04-23 22:48:24,770 - INFO - Lot 97/153 inséré en 12.63 sec (Réussis: 100/100)
2025-04-23 22:48:24,837 - INFO - Lot 98/153 inséré en 12.70 sec (Réussis: 100/100)
2025-04-23 22:48:24,916 - INFO - Lot 99/153 inséré en 12.78 sec (Réussis: 100/100)
2025-04-23 22:48:24,994 - INFO - Lot 100/153 inséré en 12.86 sec (Réussis: 100/100)
2025-04-23 22:48:25,282 - INFO - Lot 101/153 inséré en 13.15 sec (Réussis: 100/100)
2025-04-23 22:48:25,640 - INFO - Lot 102/153 inséré en 13.50 sec (Réussis: 100/100)
2025-04-23 22:48:25,833 - INFO - Lot 103/153 inséré en 13.70 sec (Réussis: 100/100)
2025-04-23 22:48:25,936 - INFO - Lot 104/153 inséré en 13.80 sec (Réussis: 100/100)
2025-04-23 22:48:26,025 - INFO - Lot 105/153 inséré en 13.89 sec (Réussis: 100/100)
2025-04-23 22:48:26,092 - INFO - Lot 106/153 inséré en 13.96 sec (Réussis: 100/100)
2025-04-23 22:48:26,179 - INFO - Lot 107/153 inséré en 14.04 sec (Réussis: 100/100)
2025-04-23 22:48:26,325 - INFO - Lot 108/153 inséré en 14.19 sec (Réussis: 100/100)
2025-04-23 22:48:26,414 - INFO - Lot 109/153 inséré en 14.28 sec (Réussis: 100/100)
2025-04-23 22:48:26,503 - INFO - Lot 110/153 inséré en 14.37 sec (Réussis: 100/100)
2025-04-23 22:48:26,603 - INFO - Lot 111/153 inséré en 14.47 sec (Réussis: 100/100)
2025-04-23 22:48:26,809 - INFO - Lot 112/153 inséré en 14.67 sec (Réussis: 100/100)
2025-04-23 22:48:26,992 - INFO - Lot 113/153 inséré en 14.86 sec (Réussis: 100/100)
2025-04-23 22:48:27,114 - INFO - Lot 114/153 inséré en 14.98 sec (Réussis: 100/100)
2025-04-23 22:48:27,203 - INFO - Lot 115/153 inséré en 15.07 sec (Réussis: 100/100)
2025-04-23 22:48:27,369 - INFO - Lot 116/153 inséré en 15.23 sec (Réussis: 100/100)
2025-04-23 22:48:27,481 - INFO - Lot 117/153 inséré en 15.34 sec (Réussis: 100/100)
2025-04-23 22:48:27,660 - INFO - Lot 118/153 inséré en 15.52 sec (Réussis: 100/100)
2025-04-23 22:48:28,002 - INFO - Lot 119/153 inséré en 15.86 sec (Réussis: 100/100)
2025-04-23 22:48:28,459 - INFO - Lot 120/153 inséré en 16.32 sec (Réussis: 100/100)
2025-04-23 22:48:28,581 - INFO - Lot 121/153 inséré en 16.44 sec (Réussis: 100/100)
2025-04-23 22:48:28,658 - INFO - Lot 122/153 inséré en 16.52 sec (Réussis: 100/100)
2025-04-23 22:48:28,702 - INFO - Lot 123/153 inséré en 16.57 sec (Réussis: 100/100)
2025-04-23 22:48:28,792 - INFO - Lot 124/153 inséré en 16.66 sec (Réussis: 100/100)
2025-04-23 22:48:28,847 - INFO - Lot 125/153 inséré en 16.71 sec (Réussis: 100/100)
2025-04-23 22:48:28,914 - INFO - Lot 126/153 inséré en 16.78 sec (Réussis: 100/100)
2025-04-23 22:48:28,991 - INFO - Lot 127/153 inséré en 16.86 sec (Réussis: 100/100)
2025-04-23 22:48:29,049 - INFO - Lot 128/153 inséré en 16.91 sec (Réussis: 100/100)
2025-04-23 22:48:29,114 - INFO - Lot 129/153 inséré en 16.98 sec (Réussis: 100/100)
2025-04-23 22:48:29,205 - INFO - Lot 130/153 inséré en 17.07 sec (Réussis: 100/100)
2025-04-23 22:48:29,247 - INFO - Lot 131/153 inséré en 17.11 sec (Réussis: 100/100)
2025-04-23 22:48:29,470 - INFO - Lot 132/153 inséré en 17.33 sec (Réussis: 100/100)
2025-04-23 22:48:29,994 - INFO - Lot 133/153 inséré en 17.86 sec (Réussis: 100/100)
2025-04-23 22:48:30,181 - INFO - Lot 134/153 inséré en 18.04 sec (Réussis: 100/100)
2025-04-23 22:48:30,273 - INFO - Lot 135/153 inséré en 18.14 sec (Réussis: 100/100)
2025-04-23 22:48:30,325 - INFO - Lot 136/153 inséré en 18.19 sec (Réussis: 100/100)
2025-04-23 22:48:30,403 - INFO - Lot 137/153 inséré en 18.27 sec (Réussis: 100/100)
2025-04-23 22:48:30,514 - INFO - Lot 138/153 inséré en 18.38 sec (Réussis: 100/100)
2025-04-23 22:48:30,603 - INFO - Lot 139/153 inséré en 18.47 sec (Réussis: 100/100)
2025-04-23 22:48:30,681 - INFO - Lot 140/153 inséré en 18.54 sec (Réussis: 100/100)
2025-04-23 22:48:30,835 - INFO - Lot 141/153 inséré en 18.70 sec (Réussis: 100/100)
2025-04-23 22:48:31,103 - INFO - Lot 142/153 inséré en 18.97 sec (Réussis: 100/100)
2025-04-23 22:48:31,195 - INFO - Lot 143/153 inséré en 19.06 sec (Réussis: 100/100)
2025-04-23 22:48:31,280 - INFO - Lot 144/153 inséré en 19.14 sec (Réussis: 100/100)
2025-04-23 22:48:31,370 - INFO - Lot 145/153 inséré en 19.23 sec (Réussis: 100/100)
2025-04-23 22:48:31,413 - INFO - Lot 146/153 inséré en 19.28 sec (Réussis: 100/100)
2025-04-23 22:48:31,459 - INFO - Lot 147/153 inséré en 19.32 sec (Réussis: 100/100)
2025-04-23 22:48:31,514 - INFO - Lot 148/153 inséré en 19.38 sec (Réussis: 100/100)
2025-04-23 22:48:31,592 - INFO - Lot 149/153 inséré en 19.45 sec (Réussis: 100/100)
2025-04-23 22:48:31,636 - INFO - Lot 150/153 inséré en 19.50 sec (Réussis: 100/100)
2025-04-23 22:48:31,725 - INFO - Lot 151/153 inséré en 19.59 sec (Réussis: 100/100)
2025-04-23 22:48:31,903 - INFO - Lot 152/153 inséré en 19.77 sec (Réussis: 100/100)
2025-04-23 22:48:32,057 - INFO - Lot 153/153 inséré en 19.92 sec (Réussis: 16/16)
2025-04-23 22:48:32,058 - INFO - Insertion terminée en 19.92 secondes.
2025-04-23 22:48:32,059 - INFO - Lignes insérées avec succès: 15216/15216
2025-04-23 22:48:32,061 - INFO - Toutes les données ont été insérées avec succès!
2025-04-23 22:48:32,062 - INFO - Connexion à la base de données fermée.
